<?xml version="1.0" encoding="UTF-8"?>
<!-- Generated by org.testng.reporters.JUnitReportReporter -->
<testsuite skipped="0" hostname="SYNBLRLT-207" name="testCases.LoginExcel" tests="1" failures="0" timestamp="03 Mar 2019 04:07:36 GMT" time="1.632" errors="0">
  <testcase name="readExcel" time="1.632" classname="testCases.LoginExcel"/>
</testsuite> <!-- testCases.LoginExcel -->
