<?xml version="1.0" encoding="UTF-8"?>
<!-- Generated by org.testng.reporters.JUnitReportReporter -->
<testsuite skipped="0" hostname="SYNBLRLT-207" name="testCases.LoginTestCase" tests="2" failures="0" timestamp="03 Mar 2019 04:07:36 GMT" time="22.452" errors="0">
  <testcase name="test1" time="9.940" classname="testCases.LoginTestCase"/>
  <testcase name="test1" time="12.512" classname="testCases.LoginTestCase"/>
</testsuite> <!-- testCases.LoginTestCase -->
