<?xml version="1.0" encoding="UTF-8"?>
<!-- Generated by org.testng.reporters.JUnitReportReporter -->
<testsuite skipped="0" hostname="SYNBLRLT-207" name="testCases.LoginTestCase" tests="2" failures="0" timestamp="01 Mar 2019 04:52:53 GMT" time="35.042" errors="0">
  <testcase name="test1" time="13.262" classname="testCases.LoginTestCase"/>
  <testcase name="test1" time="21.780" classname="testCases.LoginTestCase"/>
</testsuite> <!-- testCases.LoginTestCase -->
