<?xml version="1.0" encoding="UTF-8"?>
<!-- Generated by org.testng.reporters.JUnitReportReporter -->
<testsuite skipped="0" hostname="SYNBLRLT-207" name="testCases.LoginExcel" tests="1" failures="0" timestamp="01 Mar 2019 04:52:53 GMT" time="1.399" errors="0">
  <testcase name="readExcel" time="1.399" classname="testCases.LoginExcel"/>
</testsuite> <!-- testCases.LoginExcel -->
